/*C6*/SET SCHEMA PUBLIC
DELETE FROM SYSTEMINIT WHERE ID='globalID'
INSERT INTO SYSTEMINIT VALUES('globalID',0,'master','0','2020-04-09 16:35:19.665000','System initialization',NULL)
COMMIT
/*C15*/SET SCHEMA PUBLIC
DISCONNECT
/*C8*/SET SCHEMA PUBLIC
DELETE FROM NUMBERSERIES WHERE SERIESKEY='pk_30'
INSERT INTO NUMBERSERIES VALUES(NULL,'pk_30',1,2001,NULL)
COMMIT
/*C6*/INSERT INTO MEDIAS VALUES(0,'2020-04-09 16:40:05.211000','2020-04-09 16:40:05.211000',8796093481042,NULL,8796125823006,NULL,'text/xml',NULL,NULL,NULL,NULL,NULL,'cockpitng-config',NULL,NULL,NULL,1,NULL,8796093284406,NULL,NULL,8796093088344,8796093121113,0,0,NULL,NULL,NULL,NULL,NULL,NULL,NULL,NULL,NULL,NULL,NULL,NULL,NULL,NULL,NULL,NULL,NULL,NULL)
COMMIT
DELETE FROM MEDIAS WHERE PK=8796125823006
INSERT INTO MEDIAS VALUES(1,'2020-04-09 16:40:05.211000','2020-04-09 16:40:05.346000',8796093481042,NULL,8796125823006,NULL,'text/xml',0,8796125855774,'backofficeconfiguration/hc1/h3e/8796125855774.xml','479d0655469049e3378c692f1a5467dd7624de0d45db06c30907e9a8b64ab4c9',NULL,'cockpitng-config','replicated273654712',NULL,NULL,1,NULL,8796093284406,NULL,NULL,8796093088344,8796093121113,0,0,NULL,NULL,NULL,NULL,NULL,NULL,NULL,NULL,NULL,NULL,NULL,NULL,NULL,NULL,NULL,NULL,NULL,NULL)
COMMIT
DELETE FROM MEDIAS WHERE PK=8796125823006
INSERT INTO MEDIAS VALUES(2,'2020-04-09 16:40:05.211000','2020-04-09 16:40:05.478000',8796093481042,NULL,8796125823006,NULL,'text/xml',58600,8796125888542,'backofficeconfiguration/h6b/hb6/8796125888542.xml','df9d2572194d1eecc8d9ab3d2a5874312c7c8d2471080fb42c7008057bbd7863',NULL,'cockpitng-config','replicated273654712',NULL,NULL,1,NULL,8796093284406,NULL,NULL,8796093088344,8796093121113,0,0,NULL,NULL,NULL,NULL,NULL,NULL,NULL,NULL,NULL,NULL,NULL,NULL,NULL,NULL,NULL,NULL,NULL,NULL)
COMMIT
DELETE FROM MEDIAS WHERE PK=8796125823006
INSERT INTO MEDIAS VALUES(3,'2020-04-09 16:40:05.211000','2020-04-09 16:40:07.212000',8796093481042,NULL,8796125823006,NULL,'text/xml',131978,8796125921310,'backofficeconfiguration/h6c/h4d/8796125921310.xml','5089d0b1609d62b8fdc7dc8f86657a5767c40d031c3d11059ecadd3a428d54b7',NULL,'cockpitng-config','replicated273654712',NULL,NULL,1,NULL,8796093284406,NULL,NULL,8796093088344,8796093121113,0,0,NULL,NULL,NULL,NULL,NULL,NULL,NULL,NULL,NULL,NULL,NULL,NULL,NULL,NULL,NULL,NULL,NULL,NULL)
COMMIT
DELETE FROM MEDIAS WHERE PK=8796125823006
INSERT INTO MEDIAS VALUES(4,'2020-04-09 16:40:05.211000','2020-04-09 16:40:10.818000',8796093481042,NULL,8796125823006,NULL,'text/xml',1161925,8796125954078,'backofficeconfiguration/h6b/h73/8796125954078.xml','77629cf8c59cc083ff51681bd5c1a9822421d8c5b45376d49bf3f68ac867b196',NULL,'cockpitng-config','replicated273654712',NULL,NULL,1,NULL,8796093284406,NULL,NULL,8796093088344,8796093121113,0,0,NULL,NULL,NULL,NULL,NULL,NULL,NULL,NULL,NULL,NULL,NULL,NULL,NULL,NULL,NULL,NULL,NULL,NULL)
COMMIT
/*C7*/SET SCHEMA PUBLIC
DISCONNECT
/*C12*/SET SCHEMA PUBLIC
DISCONNECT
/*C11*/SET SCHEMA PUBLIC
DISCONNECT
/*C10*/SET SCHEMA PUBLIC
DISCONNECT
/*C13*/SET SCHEMA PUBLIC
DISCONNECT
/*C14*/SET SCHEMA PUBLIC
DISCONNECT
/*C9*/SET SCHEMA PUBLIC
DISCONNECT
/*C19*/SET SCHEMA PUBLIC
DISCONNECT
/*C18*/SET SCHEMA PUBLIC
DISCONNECT
/*C17*/SET SCHEMA PUBLIC
DISCONNECT
/*C20*/SET SCHEMA PUBLIC
DISCONNECT
/*C21*/SET SCHEMA PUBLIC
DISCONNECT
/*C16*/SET SCHEMA PUBLIC
DISCONNECT
/*C8*/DISCONNECT
/*C22*/SET SCHEMA PUBLIC
DISCONNECT
/*C25*/SET SCHEMA PUBLIC
DISCONNECT
/*C26*/SET SCHEMA PUBLIC
DISCONNECT
/*C24*/SET SCHEMA PUBLIC
DISCONNECT
/*C23*/SET SCHEMA PUBLIC
DISCONNECT
/*C27*/SET SCHEMA PUBLIC
DISCONNECT
/*C28*/SET SCHEMA PUBLIC
DISCONNECT
/*C31*/SET SCHEMA PUBLIC
DISCONNECT
/*C32*/SET SCHEMA PUBLIC
DISCONNECT
/*C29*/SET SCHEMA PUBLIC
DISCONNECT
/*C30*/SET SCHEMA PUBLIC
DISCONNECT
/*C33*/SET SCHEMA PUBLIC
DISCONNECT
/*C6*/DISCONNECT
